<?xml version="1.0" encoding="UTF-8"?>
<!-- Generated by org.testng.reporters.JUnitReportReporter -->
<testsuite skipped="0" hostname="BDC4-D-5SBWQG2" name="com.demoSeleniumPlus.Day1.Demobrowser" tests="1" failures="0" timestamp="18 Sep 2018 04:52:03 GMT" time="45.887" errors="0">
  <testcase name="test" time="45.887" classname="com.demoSeleniumPlus.Day1.Demobrowser"/>
</testsuite> <!-- com.demoSeleniumPlus.Day1.Demobrowser -->
