<?xml version="1.0" encoding="UTF-8"?>
<!-- Generated by org.testng.reporters.JUnitReportReporter -->
<testsuite skipped="0" hostname="BDC4-D-5SBWQG2" name="com.demoSeleniumPlus.Day1.BasicSelenium" tests="1" failures="0" timestamp="17 Sep 2018 09:29:47 GMT" time="17.827" errors="0">
  <testcase name="testCases" time="17.827" classname="com.demoSeleniumPlus.Day1.BasicSelenium"/>
</testsuite> <!-- com.demoSeleniumPlus.Day1.BasicSelenium -->
