<?xml version="1.0" encoding="UTF-8"?>
<!-- Generated by org.testng.reporters.JUnitReportReporter -->
<testsuite skipped="0" hostname="BDC4-D-5SBWQG2" name="com.demoSeleniumPlus.Day1.Naukari" tests="1" failures="0" timestamp="18 Sep 2018 07:17:49 GMT" time="22.202" errors="0">
  <testcase name="test" time="22.202" classname="com.demoSeleniumPlus.Day1.Naukari"/>
</testsuite> <!-- com.demoSeleniumPlus.Day1.Naukari -->
