<?xml version="1.0" encoding="UTF-8"?>
<!-- Generated by org.testng.reporters.JUnitReportReporter -->
<testsuite skipped="0" hostname="BDC4-D-5SBWQG2" name="com.demoSeleniumPlus.Day1.AlertWork" tests="1" failures="0" timestamp="18 Sep 2018 05:38:48 GMT" time="18.987" errors="0">
  <testcase name="test" time="18.987" classname="com.demoSeleniumPlus.Day1.AlertWork"/>
</testsuite> <!-- com.demoSeleniumPlus.Day1.AlertWork -->
