<?xml version="1.0" encoding="UTF-8"?>
<!-- Generated by org.testng.reporters.JUnitReportReporter -->
<testsuite skipped="0" hostname="BDC4-D-5SBWQG2" name="com.demoSeleniumPlus.Day1.DragAndDrop" tests="1" failures="0" timestamp="18 Sep 2018 11:28:47 GMT" time="18.777" errors="0">
  <testcase name="test" time="18.777" classname="com.demoSeleniumPlus.Day1.DragAndDrop"/>
</testsuite> <!-- com.demoSeleniumPlus.Day1.DragAndDrop -->
