<?xml version="1.0" encoding="UTF-8"?>
<!-- Generated by org.testng.reporters.JUnitReportReporter -->
<testsuite skipped="1" hostname="BDC4-D-5SBWQG2" name="com.demoSeleniumPlus.Day1.Annotations" tests="2" failures="0" timestamp="17 Sep 2018 09:29:47 GMT" time="0.000" errors="0">
  <testcase name="testCase2" time="0.000" classname="com.demoSeleniumPlus.Day1.Annotations"/>
  <testcase name="testCase" classname="com.demoSeleniumPlus.Day1.Annotations">
    <skipped/>
  </testcase> <!-- testCase -->
</testsuite> <!-- com.demoSeleniumPlus.Day1.Annotations -->
