<?xml version="1.0" encoding="UTF-8"?>
<!-- Generated by org.testng.reporters.JUnitReportReporter -->
<testsuite skipped="0" hostname="BDC4-D-5SBWQG2" name="com.demoSeleniumPlus.Day1.NewTour" tests="1" failures="0" timestamp="18 Sep 2018 04:32:45 GMT" time="16.755" errors="0">
  <testcase name="test" time="16.755" classname="com.demoSeleniumPlus.Day1.NewTour"/>
</testsuite> <!-- com.demoSeleniumPlus.Day1.NewTour -->
