<?xml version="1.0" encoding="UTF-8"?>
<!-- Generated by org.testng.reporters.JUnitReportReporter -->
<testsuite skipped="0" hostname="BDC4-D-5SBWQG2" name="com.demoSeleniumPlus.Day1.LICpolicy" tests="1" failures="0" timestamp="18 Sep 2018 07:04:31 GMT" time="12.518" errors="0">
  <testcase name="test" time="12.518" classname="com.demoSeleniumPlus.Day1.LICpolicy"/>
</testsuite> <!-- com.demoSeleniumPlus.Day1.LICpolicy -->
