<?xml version="1.0" encoding="UTF-8"?>
<!-- Generated by org.testng.reporters.JUnitReportReporter -->
<testsuite skipped="0" hostname="BDC4-D-5SBWQG2" name="com.demoSeleniumPlus.Day1.KeyEventsWithActionClass" tests="1" failures="0" timestamp="18 Sep 2018 10:53:58 GMT" time="22.895" errors="0">
  <testcase name="test" time="22.895" classname="com.demoSeleniumPlus.Day1.KeyEventsWithActionClass"/>
</testsuite> <!-- com.demoSeleniumPlus.Day1.KeyEventsWithActionClass -->
