<?xml version="1.0" encoding="UTF-8"?>
<!-- Generated by org.testng.reporters.JUnitReportReporter -->
<testsuite skipped="0" hostname="BDC4-D-5SBWQG2" name="com.demoSeleniumPlus.Day1.UseDriverClass" tests="1" failures="0" timestamp="17 Sep 2018 10:25:06 GMT" time="10.723" errors="0">
  <testcase name="test" time="10.723" classname="com.demoSeleniumPlus.Day1.UseDriverClass"/>
</testsuite> <!-- com.demoSeleniumPlus.Day1.UseDriverClass -->
